{"/home/mi/documents/my-test-demo/src/components/Counter.vue": {"path":"/home/mi/documents/my-test-demo/src/components/Counter.vue","statementMap":{"0":{"start":{"line":10,"column":13},"end":{"line":10,"column":null}},"1":{"start":{"line":12,"column":2},"end":{"line":12,"column":null}},"2":{"start":{"line":2,"column":2},"end":{"line":4,"column":42}}},"fnMap":{"0":{"name":"increment","decl":{"start":{"line":11,"column":9},"end":{"line":11,"column":18}},"loc":{"start":{"line":11,"column":21},"end":{"line":13,"column":null}},"line":11}},"branchMap":{},"s":{"0":1,"1":1,"2":2},"f":{"0":1},"b":{},"meta":{"lastBranch":0,"lastFunction":1,"lastStatement":3,"seen":{"s:10:13:10:Infinity":0,"f:11:9:11:18":0,"s:12:2:12:Infinity":1,"s:2:2:4:42":2}}}
,"/home/mi/documents/my-test-demo/src/utils/sum.js": {"path":"/home/mi/documents/my-test-demo/src/utils/sum.js","statementMap":{"0":{"start":{"line":3,"column":2},"end":{"line":3,"column":null}}},"fnMap":{"0":{"name":"sum","decl":{"start":{"line":2,"column":16},"end":{"line":2,"column":19}},"loc":{"start":{"line":2,"column":26},"end":{"line":4,"column":null}},"line":2}},"branchMap":{},"s":{"0":2},"f":{"0":2},"b":{},"meta":{"lastBranch":0,"lastFunction":1,"lastStatement":1,"seen":{"f:2:16:2:19":0,"s:3:2:3:Infinity":0}}}
}
